ARM GAS  C:\Users\Callum\AppData\Local\Temp\ccqITnUU.s 			page 1


   1              		.cpu cortex-m3
   2              		.arch armv7-m
   3              		.fpu softvfp
   4              		.eabi_attribute 20, 1
   5              		.eabi_attribute 21, 1
   6              		.eabi_attribute 23, 3
   7              		.eabi_attribute 24, 1
   8              		.eabi_attribute 25, 1
   9              		.eabi_attribute 26, 1
  10              		.eabi_attribute 30, 1
  11              		.eabi_attribute 34, 1
  12              		.eabi_attribute 18, 4
  13              		.file	"drv_gpioexp.c"
  14              		.text
  15              	.Ltext0:
  16              		.cfi_sections	.debug_frame
  17              		.file 1 "Core/Src/drv_gpioexp.c"
  18              		.section	.text.gpioexp_set_pin,"ax",%progbits
  19              		.align	1
  20              		.global	gpioexp_set_pin
  21              		.syntax unified
  22              		.thumb
  23              		.thumb_func
  25              	gpioexp_set_pin:
  26              	.LVL0:
  27              	.LFB66:
   1:Core/Src/drv_gpioexp.c **** #include "drv_gpioexp.h"
   2:Core/Src/drv_gpioexp.c **** 
   3:Core/Src/drv_gpioexp.c **** static uint8_t test_msg[] = {PCF8574_ADDR | I2C_WRITE_BIT, 0xFF};
   4:Core/Src/drv_gpioexp.c **** 
   5:Core/Src/drv_gpioexp.c **** static uint8_t buf_tx_data[GPIOEXP_I2C_TX_BUF_LEN];
   6:Core/Src/drv_gpioexp.c **** static uint8_t buf_rx_data[GPIOEXP_I2C_RX_BUF_LEN];
   7:Core/Src/drv_gpioexp.c **** 
   8:Core/Src/drv_gpioexp.c **** void gpioexp_init(void){
   9:Core/Src/drv_gpioexp.c ****     /* initialise buffers */
  10:Core/Src/drv_gpioexp.c ****     gpioexp_set_pin(4);
  11:Core/Src/drv_gpioexp.c **** }
  12:Core/Src/drv_gpioexp.c **** 
  13:Core/Src/drv_gpioexp.c **** void gpioexp_set_pin(uint8_t pin) {
  28              		.loc 1 13 35 view -0
  29              		.cfi_startproc
  30              		@ args = 0, pretend = 0, frame = 16
  31              		@ frame_needed = 0, uses_anonymous_args = 0
  14:Core/Src/drv_gpioexp.c ****     i2c_msg_t msg;
  32              		.loc 1 14 5 view .LVU1
  15:Core/Src/drv_gpioexp.c **** 
  16:Core/Src/drv_gpioexp.c ****     /* */
  17:Core/Src/drv_gpioexp.c ****     if (0x07 < pin) {
  33              		.loc 1 17 5 view .LVU2
  34              		.loc 1 17 8 is_stmt 0 view .LVU3
  35 0000 0728     		cmp	r0, #7
  36 0002 00D9     		bls	.L8
  37 0004 7047     		bx	lr
  38              	.L8:
  13:Core/Src/drv_gpioexp.c ****     i2c_msg_t msg;
  39              		.loc 1 13 35 view .LVU4
  40 0006 00B5     		push	{lr}
ARM GAS  C:\Users\Callum\AppData\Local\Temp\ccqITnUU.s 			page 2


  41              		.cfi_def_cfa_offset 4
  42              		.cfi_offset 14, -4
  43 0008 85B0     		sub	sp, sp, #20
  44              		.cfi_def_cfa_offset 24
  18:Core/Src/drv_gpioexp.c ****         return;
  19:Core/Src/drv_gpioexp.c ****     }
  20:Core/Src/drv_gpioexp.c **** 
  21:Core/Src/drv_gpioexp.c ****     /* construct message */
  22:Core/Src/drv_gpioexp.c ****     msg.n_send = 2;
  45              		.loc 1 22 5 is_stmt 1 view .LVU5
  46              		.loc 1 22 16 is_stmt 0 view .LVU6
  47 000a 0223     		movs	r3, #2
  48 000c 8DF80430 		strb	r3, [sp, #4]
  23:Core/Src/drv_gpioexp.c ****     msg.n_recv = 0;
  49              		.loc 1 23 5 is_stmt 1 view .LVU7
  50              		.loc 1 23 16 is_stmt 0 view .LVU8
  51 0010 0023     		movs	r3, #0
  52 0012 8DF80C30 		strb	r3, [sp, #12]
  24:Core/Src/drv_gpioexp.c ****     msg.buf_send_ptr = buf_tx_data;
  53              		.loc 1 24 5 is_stmt 1 view .LVU9
  54              		.loc 1 24 22 is_stmt 0 view .LVU10
  55 0016 074B     		ldr	r3, .L9
  56 0018 0093     		str	r3, [sp]
  25:Core/Src/drv_gpioexp.c ****     msg.buf_send_ptr = buf_rx_data;
  57              		.loc 1 25 5 is_stmt 1 view .LVU11
  58              		.loc 1 25 22 is_stmt 0 view .LVU12
  59 001a 074A     		ldr	r2, .L9+4
  60 001c 0092     		str	r2, [sp]
  26:Core/Src/drv_gpioexp.c **** 
  27:Core/Src/drv_gpioexp.c ****     /* write tx buffer */
  28:Core/Src/drv_gpioexp.c ****     buf_tx_data[0] = PCF8574_ADDR | I2C_WRITE_BIT;
  61              		.loc 1 28 5 is_stmt 1 view .LVU13
  62              		.loc 1 28 20 is_stmt 0 view .LVU14
  63 001e 4022     		movs	r2, #64
  64 0020 1A70     		strb	r2, [r3]
  29:Core/Src/drv_gpioexp.c ****     buf_tx_data[1] = 0x01 << pin;
  65              		.loc 1 29 5 is_stmt 1 view .LVU15
  66              		.loc 1 29 27 is_stmt 0 view .LVU16
  67 0022 0122     		movs	r2, #1
  68 0024 8240     		lsls	r2, r2, r0
  69              		.loc 1 29 20 view .LVU17
  70 0026 5A70     		strb	r2, [r3, #1]
  30:Core/Src/drv_gpioexp.c **** 
  31:Core/Src/drv_gpioexp.c ****     i2c_queue_msg(&msg);
  71              		.loc 1 31 5 is_stmt 1 view .LVU18
  72 0028 6846     		mov	r0, sp
  73              	.LVL1:
  74              		.loc 1 31 5 is_stmt 0 view .LVU19
  75 002a FFF7FEFF 		bl	i2c_queue_msg
  76              	.LVL2:
  32:Core/Src/drv_gpioexp.c **** }
  77              		.loc 1 32 1 view .LVU20
  78 002e 05B0     		add	sp, sp, #20
  79              		.cfi_def_cfa_offset 4
  80              		@ sp needed
  81 0030 5DF804FB 		ldr	pc, [sp], #4
  82              	.L10:
ARM GAS  C:\Users\Callum\AppData\Local\Temp\ccqITnUU.s 			page 3


  83              		.align	2
  84              	.L9:
  85 0034 00000000 		.word	buf_tx_data
  86 0038 00000000 		.word	buf_rx_data
  87              		.cfi_endproc
  88              	.LFE66:
  90              		.section	.text.gpioexp_init,"ax",%progbits
  91              		.align	1
  92              		.global	gpioexp_init
  93              		.syntax unified
  94              		.thumb
  95              		.thumb_func
  97              	gpioexp_init:
  98              	.LFB65:
   8:Core/Src/drv_gpioexp.c ****     /* initialise buffers */
  99              		.loc 1 8 24 is_stmt 1 view -0
 100              		.cfi_startproc
 101              		@ args = 0, pretend = 0, frame = 0
 102              		@ frame_needed = 0, uses_anonymous_args = 0
 103 0000 08B5     		push	{r3, lr}
 104              		.cfi_def_cfa_offset 8
 105              		.cfi_offset 3, -8
 106              		.cfi_offset 14, -4
  10:Core/Src/drv_gpioexp.c **** }
 107              		.loc 1 10 5 view .LVU22
 108 0002 0420     		movs	r0, #4
 109 0004 FFF7FEFF 		bl	gpioexp_set_pin
 110              	.LVL3:
  11:Core/Src/drv_gpioexp.c **** 
 111              		.loc 1 11 1 is_stmt 0 view .LVU23
 112 0008 08BD     		pop	{r3, pc}
 113              		.cfi_endproc
 114              	.LFE65:
 116              		.section	.text.gpioexp_get_pin,"ax",%progbits
 117              		.align	1
 118              		.global	gpioexp_get_pin
 119              		.syntax unified
 120              		.thumb
 121              		.thumb_func
 123              	gpioexp_get_pin:
 124              	.LVL4:
 125              	.LFB67:
  33:Core/Src/drv_gpioexp.c **** 
  34:Core/Src/drv_gpioexp.c **** void gpioexp_get_pin(uint8_t pin) {
 126              		.loc 1 34 35 is_stmt 1 view -0
 127              		.cfi_startproc
 128              		@ args = 0, pretend = 0, frame = 0
 129              		@ frame_needed = 0, uses_anonymous_args = 0
 130              		@ link register save eliminated.
  35:Core/Src/drv_gpioexp.c **** 
  36:Core/Src/drv_gpioexp.c **** }
 131              		.loc 1 36 1 view .LVU25
 132 0000 7047     		bx	lr
 133              		.cfi_endproc
 134              	.LFE67:
 136              		.section	.bss.buf_rx_data,"aw",%nobits
 137              		.align	2
ARM GAS  C:\Users\Callum\AppData\Local\Temp\ccqITnUU.s 			page 4


 140              	buf_rx_data:
 141 0000 00000000 		.space	15
 141      00000000 
 141      00000000 
 141      000000
 142              		.section	.bss.buf_tx_data,"aw",%nobits
 143              		.align	2
 146              	buf_tx_data:
 147 0000 00000000 		.space	15
 147      00000000 
 147      00000000 
 147      000000
 148              		.text
 149              	.Letext0:
 150              		.file 2 "c:\\users\\callum\\appdata\\roaming\\code\\user\\globalstorage\\bmd.stm32-for-vscode\\@xp
 151              		.file 3 "c:\\users\\callum\\appdata\\roaming\\code\\user\\globalstorage\\bmd.stm32-for-vscode\\@xp
 152              		.file 4 "Core/Inc/mgr_i2c.h"
 153              		.file 5 "Core/Inc/hw_i2c1.h"
ARM GAS  C:\Users\Callum\AppData\Local\Temp\ccqITnUU.s 			page 5


DEFINED SYMBOLS
                            *ABS*:0000000000000000 drv_gpioexp.c
C:\Users\Callum\AppData\Local\Temp\ccqITnUU.s:19     .text.gpioexp_set_pin:0000000000000000 $t
C:\Users\Callum\AppData\Local\Temp\ccqITnUU.s:25     .text.gpioexp_set_pin:0000000000000000 gpioexp_set_pin
C:\Users\Callum\AppData\Local\Temp\ccqITnUU.s:85     .text.gpioexp_set_pin:0000000000000034 $d
C:\Users\Callum\AppData\Local\Temp\ccqITnUU.s:146    .bss.buf_tx_data:0000000000000000 buf_tx_data
C:\Users\Callum\AppData\Local\Temp\ccqITnUU.s:140    .bss.buf_rx_data:0000000000000000 buf_rx_data
C:\Users\Callum\AppData\Local\Temp\ccqITnUU.s:91     .text.gpioexp_init:0000000000000000 $t
C:\Users\Callum\AppData\Local\Temp\ccqITnUU.s:97     .text.gpioexp_init:0000000000000000 gpioexp_init
C:\Users\Callum\AppData\Local\Temp\ccqITnUU.s:117    .text.gpioexp_get_pin:0000000000000000 $t
C:\Users\Callum\AppData\Local\Temp\ccqITnUU.s:123    .text.gpioexp_get_pin:0000000000000000 gpioexp_get_pin
C:\Users\Callum\AppData\Local\Temp\ccqITnUU.s:137    .bss.buf_rx_data:0000000000000000 $d
C:\Users\Callum\AppData\Local\Temp\ccqITnUU.s:143    .bss.buf_tx_data:0000000000000000 $d

UNDEFINED SYMBOLS
i2c_queue_msg
