ARM GAS  C:\Users\Callum\AppData\Local\Temp\cc9KQfNq.s 			page 1


   1              		.cpu cortex-m3
   2              		.arch armv7-m
   3              		.fpu softvfp
   4              		.eabi_attribute 20, 1
   5              		.eabi_attribute 21, 1
   6              		.eabi_attribute 23, 3
   7              		.eabi_attribute 24, 1
   8              		.eabi_attribute 25, 1
   9              		.eabi_attribute 26, 1
  10              		.eabi_attribute 30, 1
  11              		.eabi_attribute 34, 1
  12              		.eabi_attribute 18, 4
  13              		.file	"main.c"
  14              		.text
  15              	.Ltext0:
  16              		.cfi_sections	.debug_frame
  17              		.file 1 "Core/Src/main.c"
  18              		.section	.text.main,"ax",%progbits
  19              		.align	1
  20              		.global	main
  21              		.syntax unified
  22              		.thumb
  23              		.thumb_func
  25              	main:
  26              	.LFB65:
   1:Core/Src/main.c **** /* USER CODE BEGIN Header */
   2:Core/Src/main.c **** /**
   3:Core/Src/main.c ****  ******************************************************************************
   4:Core/Src/main.c ****  * @file           : main.c
   5:Core/Src/main.c ****  * @brief          : Main program body
   6:Core/Src/main.c ****  ******************************************************************************
   7:Core/Src/main.c ****  * @attention
   8:Core/Src/main.c ****  *
   9:Core/Src/main.c ****  * <h2><center>&copy; Copyright (c) 2022 STMicroelectronics.
  10:Core/Src/main.c ****  * All rights reserved.</center></h2>
  11:Core/Src/main.c ****  *
  12:Core/Src/main.c ****  * This software component is licensed by ST under BSD 3-Clause license,
  13:Core/Src/main.c ****  * the "License"; You may not use this file except in compliance with the
  14:Core/Src/main.c ****  * License. You may obtain a copy of the License at:
  15:Core/Src/main.c ****  *                        opensource.org/licenses/BSD-3-Clause
  16:Core/Src/main.c ****  *
  17:Core/Src/main.c ****  ******************************************************************************
  18:Core/Src/main.c ****  */
  19:Core/Src/main.c **** /* USER CODE END Header */
  20:Core/Src/main.c **** /* Includes ------------------------------------------------------------------*/
  21:Core/Src/main.c **** #include "main.h"
  22:Core/Src/main.c **** // #include "mgr_bout.h"
  23:Core/Src/main.c **** #include "hw_i2c.h"
  24:Core/Src/main.c **** // #include "drv_gpioexp.h"
  25:Core/Src/main.c **** 
  26:Core/Src/main.c **** uint8_t i2c_data = 0x55;
  27:Core/Src/main.c **** 
  28:Core/Src/main.c **** /**
  29:Core/Src/main.c ****  * @brief  The application entry point.
  30:Core/Src/main.c ****  * @retval int
  31:Core/Src/main.c ****  */
  32:Core/Src/main.c **** int main(void)
ARM GAS  C:\Users\Callum\AppData\Local\Temp\cc9KQfNq.s 			page 2


  33:Core/Src/main.c **** {
  27              		.loc 1 33 1 view -0
  28              		.cfi_startproc
  29              		@ Volatile: function does not return.
  30              		@ args = 0, pretend = 0, frame = 0
  31              		@ frame_needed = 0, uses_anonymous_args = 0
  32 0000 08B5     		push	{r3, lr}
  33              		.cfi_def_cfa_offset 8
  34              		.cfi_offset 3, -8
  35              		.cfi_offset 14, -4
  34:Core/Src/main.c ****   /* Configure the system clocks */
  35:Core/Src/main.c ****   rcc_init();
  36              		.loc 1 35 3 view .LVU1
  37 0002 FFF7FEFF 		bl	rcc_init
  38              	.LVL0:
  36:Core/Src/main.c **** 
  37:Core/Src/main.c ****   /* Configure and initialise the system tick */
  38:Core/Src/main.c ****   hw_systick_init(1000);
  39              		.loc 1 38 3 view .LVU2
  40 0006 4FF47A70 		mov	r0, #1000
  41 000a FFF7FEFF 		bl	hw_systick_init
  42              	.LVL1:
  39:Core/Src/main.c **** 
  40:Core/Src/main.c ****   /* Delay for buggy slow peripherals (looking at you, i2c) */
  41:Core/Src/main.c ****   //blocking_delay_ms(100);
  42:Core/Src/main.c **** 
  43:Core/Src/main.c ****   /* Configure the system heartbeat */
  44:Core/Src/main.c ****   heartbeat_init();
  43              		.loc 1 44 3 view .LVU3
  44 000e FFF7FEFF 		bl	heartbeat_init
  45              	.LVL2:
  45:Core/Src/main.c ****   heartbeat_set_pattern_mode(LED_BREATHE);
  46              		.loc 1 45 3 view .LVU4
  47 0012 0020     		movs	r0, #0
  48 0014 FFF7FEFF 		bl	heartbeat_set_pattern_mode
  49              	.LVL3:
  46:Core/Src/main.c ****   heartbeat_set_poll_mode(true);
  50              		.loc 1 46 3 view .LVU5
  51 0018 0120     		movs	r0, #1
  52 001a FFF7FEFF 		bl	heartbeat_set_poll_mode
  53              	.LVL4:
  47:Core/Src/main.c ****   heartbeat_set_period_ms(1000);
  54              		.loc 1 47 3 view .LVU6
  55 001e 4FF47A70 		mov	r0, #1000
  56 0022 FFF7FEFF 		bl	heartbeat_set_period_ms
  57              	.LVL5:
  48:Core/Src/main.c ****   heartbeat_start();
  58              		.loc 1 48 3 view .LVU7
  59 0026 FFF7FEFF 		bl	heartbeat_start
  60              	.LVL6:
  49:Core/Src/main.c **** 
  50:Core/Src/main.c ****   /* Initialise i2c perihperal */
  51:Core/Src/main.c ****   i2c_init(I2C_PERIPH_I2C1, I2C_SPD_STD, true);
  61              		.loc 1 51 3 view .LVU8
  62 002a 0122     		movs	r2, #1
  63 002c 0021     		movs	r1, #0
  64 002e 0846     		mov	r0, r1
ARM GAS  C:\Users\Callum\AppData\Local\Temp\cc9KQfNq.s 			page 3


  65 0030 FFF7FEFF 		bl	i2c_init
  66              	.LVL7:
  52:Core/Src/main.c ****   i2c_start(I2C_PERIPH_I2C1);
  67              		.loc 1 52 3 view .LVU9
  68 0034 0020     		movs	r0, #0
  69 0036 FFF7FEFF 		bl	i2c_start
  70              	.LVL8:
  53:Core/Src/main.c ****   i2c_send_addr(I2C_PERIPH_I2C1, &i2c_data);
  71              		.loc 1 53 3 view .LVU10
  72 003a 0649     		ldr	r1, .L5
  73 003c 0020     		movs	r0, #0
  74 003e FFF7FEFF 		bl	i2c_send_addr
  75              	.LVL9:
  54:Core/Src/main.c ****   while (!(I2C1->SR1 & (1 << 1)))  ;  // wait for ADDR bit to set
  76              		.loc 1 54 3 view .LVU11
  77              	.L2:
  78              		.loc 1 54 10 discriminator 1 view .LVU12
  79              		.loc 1 54 16 is_stmt 0 discriminator 1 view .LVU13
  80 0042 054B     		ldr	r3, .L5+4
  81 0044 5B69     		ldr	r3, [r3, #20]
  82              		.loc 1 54 10 discriminator 1 view .LVU14
  83 0046 13F0020F 		tst	r3, #2
  84 004a FAD0     		beq	.L2
  85              	.L3:
  55:Core/Src/main.c **** 
  56:Core/Src/main.c ****   /* Main loop */
  57:Core/Src/main.c ****   for (;;)
  86              		.loc 1 57 3 is_stmt 1 discriminator 1 view .LVU15
  58:Core/Src/main.c ****   {
  59:Core/Src/main.c ****     // i2c_poll_fsm();
  60:Core/Src/main.c ****     heartbeat_poll();
  87              		.loc 1 60 5 discriminator 1 view .LVU16
  88 004c FFF7FEFF 		bl	heartbeat_poll
  89              	.LVL10:
  57:Core/Src/main.c ****   {
  90              		.loc 1 57 3 discriminator 1 view .LVU17
  91 0050 FCE7     		b	.L3
  92              	.L6:
  93 0052 00BF     		.align	2
  94              	.L5:
  95 0054 00000000 		.word	i2c_data
  96 0058 00540040 		.word	1073763328
  97              		.cfi_endproc
  98              	.LFE65:
 100              		.section	.text.Error_Handler,"ax",%progbits
 101              		.align	1
 102              		.global	Error_Handler
 103              		.syntax unified
 104              		.thumb
 105              		.thumb_func
 107              	Error_Handler:
 108              	.LFB66:
  61:Core/Src/main.c ****   }
  62:Core/Src/main.c **** }
  63:Core/Src/main.c **** 
  64:Core/Src/main.c **** /**
  65:Core/Src/main.c ****  * @brief  This function is executed in case of error occurrence.
ARM GAS  C:\Users\Callum\AppData\Local\Temp\cc9KQfNq.s 			page 4


  66:Core/Src/main.c ****  * @retval None
  67:Core/Src/main.c ****  */
  68:Core/Src/main.c **** void Error_Handler(void)
  69:Core/Src/main.c **** {
 109              		.loc 1 69 1 view -0
 110              		.cfi_startproc
 111              		@ Volatile: function does not return.
 112              		@ args = 0, pretend = 0, frame = 0
 113              		@ frame_needed = 0, uses_anonymous_args = 0
 114              		@ link register save eliminated.
  70:Core/Src/main.c ****   /* USER CODE BEGIN Error_Handler_Debug */
  71:Core/Src/main.c ****   /* User can add his own implementation to report the HAL error return state */
  72:Core/Src/main.c ****   __disable_irq();
 115              		.loc 1 72 3 view .LVU19
 116              	.LBB4:
 117              	.LBI4:
 118              		.file 2 "Drivers/CMSIS/Include/cmsis_gcc.h"
   1:Drivers/CMSIS/Include/cmsis_gcc.h **** /**************************************************************************//**
   2:Drivers/CMSIS/Include/cmsis_gcc.h ****  * @file     cmsis_gcc.h
   3:Drivers/CMSIS/Include/cmsis_gcc.h ****  * @brief    CMSIS compiler GCC header file
   4:Drivers/CMSIS/Include/cmsis_gcc.h ****  * @version  V5.0.4
   5:Drivers/CMSIS/Include/cmsis_gcc.h ****  * @date     09. April 2018
   6:Drivers/CMSIS/Include/cmsis_gcc.h ****  ******************************************************************************/
   7:Drivers/CMSIS/Include/cmsis_gcc.h **** /*
   8:Drivers/CMSIS/Include/cmsis_gcc.h ****  * Copyright (c) 2009-2018 Arm Limited. All rights reserved.
   9:Drivers/CMSIS/Include/cmsis_gcc.h ****  *
  10:Drivers/CMSIS/Include/cmsis_gcc.h ****  * SPDX-License-Identifier: Apache-2.0
  11:Drivers/CMSIS/Include/cmsis_gcc.h ****  *
  12:Drivers/CMSIS/Include/cmsis_gcc.h ****  * Licensed under the Apache License, Version 2.0 (the License); you may
  13:Drivers/CMSIS/Include/cmsis_gcc.h ****  * not use this file except in compliance with the License.
  14:Drivers/CMSIS/Include/cmsis_gcc.h ****  * You may obtain a copy of the License at
  15:Drivers/CMSIS/Include/cmsis_gcc.h ****  *
  16:Drivers/CMSIS/Include/cmsis_gcc.h ****  * www.apache.org/licenses/LICENSE-2.0
  17:Drivers/CMSIS/Include/cmsis_gcc.h ****  *
  18:Drivers/CMSIS/Include/cmsis_gcc.h ****  * Unless required by applicable law or agreed to in writing, software
  19:Drivers/CMSIS/Include/cmsis_gcc.h ****  * distributed under the License is distributed on an AS IS BASIS, WITHOUT
  20:Drivers/CMSIS/Include/cmsis_gcc.h ****  * WARRANTIES OR CONDITIONS OF ANY KIND, either express or implied.
  21:Drivers/CMSIS/Include/cmsis_gcc.h ****  * See the License for the specific language governing permissions and
  22:Drivers/CMSIS/Include/cmsis_gcc.h ****  * limitations under the License.
  23:Drivers/CMSIS/Include/cmsis_gcc.h ****  */
  24:Drivers/CMSIS/Include/cmsis_gcc.h **** 
  25:Drivers/CMSIS/Include/cmsis_gcc.h **** #ifndef __CMSIS_GCC_H
  26:Drivers/CMSIS/Include/cmsis_gcc.h **** #define __CMSIS_GCC_H
  27:Drivers/CMSIS/Include/cmsis_gcc.h **** 
  28:Drivers/CMSIS/Include/cmsis_gcc.h **** /* ignore some GCC warnings */
  29:Drivers/CMSIS/Include/cmsis_gcc.h **** #pragma GCC diagnostic push
  30:Drivers/CMSIS/Include/cmsis_gcc.h **** #pragma GCC diagnostic ignored "-Wsign-conversion"
  31:Drivers/CMSIS/Include/cmsis_gcc.h **** #pragma GCC diagnostic ignored "-Wconversion"
  32:Drivers/CMSIS/Include/cmsis_gcc.h **** #pragma GCC diagnostic ignored "-Wunused-parameter"
  33:Drivers/CMSIS/Include/cmsis_gcc.h **** 
  34:Drivers/CMSIS/Include/cmsis_gcc.h **** /* Fallback for __has_builtin */
  35:Drivers/CMSIS/Include/cmsis_gcc.h **** #ifndef __has_builtin
  36:Drivers/CMSIS/Include/cmsis_gcc.h ****   #define __has_builtin(x) (0)
  37:Drivers/CMSIS/Include/cmsis_gcc.h **** #endif
  38:Drivers/CMSIS/Include/cmsis_gcc.h **** 
  39:Drivers/CMSIS/Include/cmsis_gcc.h **** /* CMSIS compiler specific defines */
  40:Drivers/CMSIS/Include/cmsis_gcc.h **** #ifndef   __ASM
ARM GAS  C:\Users\Callum\AppData\Local\Temp\cc9KQfNq.s 			page 5


  41:Drivers/CMSIS/Include/cmsis_gcc.h ****   #define __ASM                                  __asm
  42:Drivers/CMSIS/Include/cmsis_gcc.h **** #endif
  43:Drivers/CMSIS/Include/cmsis_gcc.h **** #ifndef   __INLINE
  44:Drivers/CMSIS/Include/cmsis_gcc.h ****   #define __INLINE                               inline
  45:Drivers/CMSIS/Include/cmsis_gcc.h **** #endif
  46:Drivers/CMSIS/Include/cmsis_gcc.h **** #ifndef   __STATIC_INLINE
  47:Drivers/CMSIS/Include/cmsis_gcc.h ****   #define __STATIC_INLINE                        static inline
  48:Drivers/CMSIS/Include/cmsis_gcc.h **** #endif
  49:Drivers/CMSIS/Include/cmsis_gcc.h **** #ifndef   __STATIC_FORCEINLINE                 
  50:Drivers/CMSIS/Include/cmsis_gcc.h ****   #define __STATIC_FORCEINLINE                   __attribute__((always_inline)) static inline
  51:Drivers/CMSIS/Include/cmsis_gcc.h **** #endif                                           
  52:Drivers/CMSIS/Include/cmsis_gcc.h **** #ifndef   __NO_RETURN
  53:Drivers/CMSIS/Include/cmsis_gcc.h ****   #define __NO_RETURN                            __attribute__((__noreturn__))
  54:Drivers/CMSIS/Include/cmsis_gcc.h **** #endif
  55:Drivers/CMSIS/Include/cmsis_gcc.h **** #ifndef   __USED
  56:Drivers/CMSIS/Include/cmsis_gcc.h ****   #define __USED                                 __attribute__((used))
  57:Drivers/CMSIS/Include/cmsis_gcc.h **** #endif
  58:Drivers/CMSIS/Include/cmsis_gcc.h **** #ifndef   __WEAK
  59:Drivers/CMSIS/Include/cmsis_gcc.h ****   #define __WEAK                                 __attribute__((weak))
  60:Drivers/CMSIS/Include/cmsis_gcc.h **** #endif
  61:Drivers/CMSIS/Include/cmsis_gcc.h **** #ifndef   __PACKED
  62:Drivers/CMSIS/Include/cmsis_gcc.h ****   #define __PACKED                               __attribute__((packed, aligned(1)))
  63:Drivers/CMSIS/Include/cmsis_gcc.h **** #endif
  64:Drivers/CMSIS/Include/cmsis_gcc.h **** #ifndef   __PACKED_STRUCT
  65:Drivers/CMSIS/Include/cmsis_gcc.h ****   #define __PACKED_STRUCT                        struct __attribute__((packed, aligned(1)))
  66:Drivers/CMSIS/Include/cmsis_gcc.h **** #endif
  67:Drivers/CMSIS/Include/cmsis_gcc.h **** #ifndef   __PACKED_UNION
  68:Drivers/CMSIS/Include/cmsis_gcc.h ****   #define __PACKED_UNION                         union __attribute__((packed, aligned(1)))
  69:Drivers/CMSIS/Include/cmsis_gcc.h **** #endif
  70:Drivers/CMSIS/Include/cmsis_gcc.h **** #ifndef   __UNALIGNED_UINT32        /* deprecated */
  71:Drivers/CMSIS/Include/cmsis_gcc.h ****   #pragma GCC diagnostic push
  72:Drivers/CMSIS/Include/cmsis_gcc.h ****   #pragma GCC diagnostic ignored "-Wpacked"
  73:Drivers/CMSIS/Include/cmsis_gcc.h ****   #pragma GCC diagnostic ignored "-Wattributes"
  74:Drivers/CMSIS/Include/cmsis_gcc.h ****   struct __attribute__((packed)) T_UINT32 { uint32_t v; };
  75:Drivers/CMSIS/Include/cmsis_gcc.h ****   #pragma GCC diagnostic pop
  76:Drivers/CMSIS/Include/cmsis_gcc.h ****   #define __UNALIGNED_UINT32(x)                  (((struct T_UINT32 *)(x))->v)
  77:Drivers/CMSIS/Include/cmsis_gcc.h **** #endif
  78:Drivers/CMSIS/Include/cmsis_gcc.h **** #ifndef   __UNALIGNED_UINT16_WRITE
  79:Drivers/CMSIS/Include/cmsis_gcc.h ****   #pragma GCC diagnostic push
  80:Drivers/CMSIS/Include/cmsis_gcc.h ****   #pragma GCC diagnostic ignored "-Wpacked"
  81:Drivers/CMSIS/Include/cmsis_gcc.h ****   #pragma GCC diagnostic ignored "-Wattributes"
  82:Drivers/CMSIS/Include/cmsis_gcc.h ****   __PACKED_STRUCT T_UINT16_WRITE { uint16_t v; };
  83:Drivers/CMSIS/Include/cmsis_gcc.h ****   #pragma GCC diagnostic pop
  84:Drivers/CMSIS/Include/cmsis_gcc.h ****   #define __UNALIGNED_UINT16_WRITE(addr, val)    (void)((((struct T_UINT16_WRITE *)(void *)(addr))-
  85:Drivers/CMSIS/Include/cmsis_gcc.h **** #endif
  86:Drivers/CMSIS/Include/cmsis_gcc.h **** #ifndef   __UNALIGNED_UINT16_READ
  87:Drivers/CMSIS/Include/cmsis_gcc.h ****   #pragma GCC diagnostic push
  88:Drivers/CMSIS/Include/cmsis_gcc.h ****   #pragma GCC diagnostic ignored "-Wpacked"
  89:Drivers/CMSIS/Include/cmsis_gcc.h ****   #pragma GCC diagnostic ignored "-Wattributes"
  90:Drivers/CMSIS/Include/cmsis_gcc.h ****   __PACKED_STRUCT T_UINT16_READ { uint16_t v; };
  91:Drivers/CMSIS/Include/cmsis_gcc.h ****   #pragma GCC diagnostic pop
  92:Drivers/CMSIS/Include/cmsis_gcc.h ****   #define __UNALIGNED_UINT16_READ(addr)          (((const struct T_UINT16_READ *)(const void *)(add
  93:Drivers/CMSIS/Include/cmsis_gcc.h **** #endif
  94:Drivers/CMSIS/Include/cmsis_gcc.h **** #ifndef   __UNALIGNED_UINT32_WRITE
  95:Drivers/CMSIS/Include/cmsis_gcc.h ****   #pragma GCC diagnostic push
  96:Drivers/CMSIS/Include/cmsis_gcc.h ****   #pragma GCC diagnostic ignored "-Wpacked"
  97:Drivers/CMSIS/Include/cmsis_gcc.h ****   #pragma GCC diagnostic ignored "-Wattributes"
ARM GAS  C:\Users\Callum\AppData\Local\Temp\cc9KQfNq.s 			page 6


  98:Drivers/CMSIS/Include/cmsis_gcc.h ****   __PACKED_STRUCT T_UINT32_WRITE { uint32_t v; };
  99:Drivers/CMSIS/Include/cmsis_gcc.h ****   #pragma GCC diagnostic pop
 100:Drivers/CMSIS/Include/cmsis_gcc.h ****   #define __UNALIGNED_UINT32_WRITE(addr, val)    (void)((((struct T_UINT32_WRITE *)(void *)(addr))-
 101:Drivers/CMSIS/Include/cmsis_gcc.h **** #endif
 102:Drivers/CMSIS/Include/cmsis_gcc.h **** #ifndef   __UNALIGNED_UINT32_READ
 103:Drivers/CMSIS/Include/cmsis_gcc.h ****   #pragma GCC diagnostic push
 104:Drivers/CMSIS/Include/cmsis_gcc.h ****   #pragma GCC diagnostic ignored "-Wpacked"
 105:Drivers/CMSIS/Include/cmsis_gcc.h ****   #pragma GCC diagnostic ignored "-Wattributes"
 106:Drivers/CMSIS/Include/cmsis_gcc.h ****   __PACKED_STRUCT T_UINT32_READ { uint32_t v; };
 107:Drivers/CMSIS/Include/cmsis_gcc.h ****   #pragma GCC diagnostic pop
 108:Drivers/CMSIS/Include/cmsis_gcc.h ****   #define __UNALIGNED_UINT32_READ(addr)          (((const struct T_UINT32_READ *)(const void *)(add
 109:Drivers/CMSIS/Include/cmsis_gcc.h **** #endif
 110:Drivers/CMSIS/Include/cmsis_gcc.h **** #ifndef   __ALIGNED
 111:Drivers/CMSIS/Include/cmsis_gcc.h ****   #define __ALIGNED(x)                           __attribute__((aligned(x)))
 112:Drivers/CMSIS/Include/cmsis_gcc.h **** #endif
 113:Drivers/CMSIS/Include/cmsis_gcc.h **** #ifndef   __RESTRICT
 114:Drivers/CMSIS/Include/cmsis_gcc.h ****   #define __RESTRICT                             __restrict
 115:Drivers/CMSIS/Include/cmsis_gcc.h **** #endif
 116:Drivers/CMSIS/Include/cmsis_gcc.h **** 
 117:Drivers/CMSIS/Include/cmsis_gcc.h **** 
 118:Drivers/CMSIS/Include/cmsis_gcc.h **** /* ###########################  Core Function Access  ########################### */
 119:Drivers/CMSIS/Include/cmsis_gcc.h **** /** \ingroup  CMSIS_Core_FunctionInterface
 120:Drivers/CMSIS/Include/cmsis_gcc.h ****     \defgroup CMSIS_Core_RegAccFunctions CMSIS Core Register Access Functions
 121:Drivers/CMSIS/Include/cmsis_gcc.h ****   @{
 122:Drivers/CMSIS/Include/cmsis_gcc.h ****  */
 123:Drivers/CMSIS/Include/cmsis_gcc.h **** 
 124:Drivers/CMSIS/Include/cmsis_gcc.h **** /**
 125:Drivers/CMSIS/Include/cmsis_gcc.h ****   \brief   Enable IRQ Interrupts
 126:Drivers/CMSIS/Include/cmsis_gcc.h ****   \details Enables IRQ interrupts by clearing the I-bit in the CPSR.
 127:Drivers/CMSIS/Include/cmsis_gcc.h ****            Can only be executed in Privileged modes.
 128:Drivers/CMSIS/Include/cmsis_gcc.h ****  */
 129:Drivers/CMSIS/Include/cmsis_gcc.h **** __STATIC_FORCEINLINE void __enable_irq(void)
 130:Drivers/CMSIS/Include/cmsis_gcc.h **** {
 131:Drivers/CMSIS/Include/cmsis_gcc.h ****   __ASM volatile ("cpsie i" : : : "memory");
 132:Drivers/CMSIS/Include/cmsis_gcc.h **** }
 133:Drivers/CMSIS/Include/cmsis_gcc.h **** 
 134:Drivers/CMSIS/Include/cmsis_gcc.h **** 
 135:Drivers/CMSIS/Include/cmsis_gcc.h **** /**
 136:Drivers/CMSIS/Include/cmsis_gcc.h ****   \brief   Disable IRQ Interrupts
 137:Drivers/CMSIS/Include/cmsis_gcc.h ****   \details Disables IRQ interrupts by setting the I-bit in the CPSR.
 138:Drivers/CMSIS/Include/cmsis_gcc.h ****            Can only be executed in Privileged modes.
 139:Drivers/CMSIS/Include/cmsis_gcc.h ****  */
 140:Drivers/CMSIS/Include/cmsis_gcc.h **** __STATIC_FORCEINLINE void __disable_irq(void)
 119              		.loc 2 140 27 view .LVU20
 120              	.LBB5:
 141:Drivers/CMSIS/Include/cmsis_gcc.h **** {
 142:Drivers/CMSIS/Include/cmsis_gcc.h ****   __ASM volatile ("cpsid i" : : : "memory");
 121              		.loc 2 142 3 view .LVU21
 122              		.syntax unified
 123              	@ 142 "Drivers/CMSIS/Include/cmsis_gcc.h" 1
 124 0000 72B6     		cpsid i
 125              	@ 0 "" 2
 126              		.thumb
 127              		.syntax unified
 128              	.L8:
 129              	.LBE5:
 130              	.LBE4:
ARM GAS  C:\Users\Callum\AppData\Local\Temp\cc9KQfNq.s 			page 7


  73:Core/Src/main.c ****   while (1)
 131              		.loc 1 73 3 discriminator 1 view .LVU22
  74:Core/Src/main.c ****   {
  75:Core/Src/main.c ****   }
 132              		.loc 1 75 3 discriminator 1 view .LVU23
  73:Core/Src/main.c ****   while (1)
 133              		.loc 1 73 9 discriminator 1 view .LVU24
 134 0002 FEE7     		b	.L8
 135              		.cfi_endproc
 136              	.LFE66:
 138              		.global	i2c_data
 139              		.section	.data.i2c_data,"aw"
 142              	i2c_data:
 143 0000 55       		.byte	85
 144              		.text
 145              	.Letext0:
 146              		.file 3 "c:\\users\\callum\\appdata\\roaming\\code\\user\\globalstorage\\bmd.stm32-for-vscode\\@xp
 147              		.file 4 "c:\\users\\callum\\appdata\\roaming\\code\\user\\globalstorage\\bmd.stm32-for-vscode\\@xp
 148              		.file 5 "Drivers/CMSIS/Device/ST/STM32F1xx/Include/stm32f103xb.h"
 149              		.file 6 "Core/Inc/mgr_heartbeat.h"
 150              		.file 7 "Core/Inc/hw_i2c.h"
 151              		.file 8 "Core/Inc/hw_systick.h"
ARM GAS  C:\Users\Callum\AppData\Local\Temp\cc9KQfNq.s 			page 8


DEFINED SYMBOLS
                            *ABS*:0000000000000000 main.c
C:\Users\Callum\AppData\Local\Temp\cc9KQfNq.s:19     .text.main:0000000000000000 $t
C:\Users\Callum\AppData\Local\Temp\cc9KQfNq.s:25     .text.main:0000000000000000 main
C:\Users\Callum\AppData\Local\Temp\cc9KQfNq.s:95     .text.main:0000000000000054 $d
C:\Users\Callum\AppData\Local\Temp\cc9KQfNq.s:142    .data.i2c_data:0000000000000000 i2c_data
C:\Users\Callum\AppData\Local\Temp\cc9KQfNq.s:101    .text.Error_Handler:0000000000000000 $t
C:\Users\Callum\AppData\Local\Temp\cc9KQfNq.s:107    .text.Error_Handler:0000000000000000 Error_Handler

UNDEFINED SYMBOLS
rcc_init
hw_systick_init
heartbeat_init
heartbeat_set_pattern_mode
heartbeat_set_poll_mode
heartbeat_set_period_ms
heartbeat_start
i2c_init
i2c_start
i2c_send_addr
heartbeat_poll
