ARM GAS  /tmp/ccP49xVA.s 			page 1


   1              		.cpu cortex-m3
   2              		.arch armv7-m
   3              		.fpu softvfp
   4              		.eabi_attribute 20, 1
   5              		.eabi_attribute 21, 1
   6              		.eabi_attribute 23, 3
   7              		.eabi_attribute 24, 1
   8              		.eabi_attribute 25, 1
   9              		.eabi_attribute 26, 1
  10              		.eabi_attribute 30, 1
  11              		.eabi_attribute 34, 1
  12              		.eabi_attribute 18, 4
  13              		.file	"stm32f1xx_it.c"
  14              		.text
  15              	.Ltext0:
  16              		.cfi_sections	.debug_frame
  17              		.section	.text.NMI_Handler,"ax",%progbits
  18              		.align	1
  19              		.global	NMI_Handler
  20              		.syntax unified
  21              		.thumb
  22              		.thumb_func
  24              	NMI_Handler:
  25              	.LFB65:
  26              		.file 1 "Core/Src/stm32f1xx_it.c"
   1:Core/Src/stm32f1xx_it.c **** #include "main.h"
   2:Core/Src/stm32f1xx_it.c **** #include "stm32f1xx_it.h"
   3:Core/Src/stm32f1xx_it.c **** 
   4:Core/Src/stm32f1xx_it.c **** /**
   5:Core/Src/stm32f1xx_it.c ****   * @brief This function handles Non maskable interrupt.
   6:Core/Src/stm32f1xx_it.c ****   */
   7:Core/Src/stm32f1xx_it.c **** void NMI_Handler(void)
   8:Core/Src/stm32f1xx_it.c **** {
  27              		.loc 1 8 1 view -0
  28              		.cfi_startproc
  29              		@ Volatile: function does not return.
  30              		@ args = 0, pretend = 0, frame = 0
  31              		@ frame_needed = 0, uses_anonymous_args = 0
  32              		@ link register save eliminated.
  33              	.L2:
   9:Core/Src/stm32f1xx_it.c ****   while (1)
  34              		.loc 1 9 3 discriminator 1 view .LVU1
  10:Core/Src/stm32f1xx_it.c ****   {
  11:Core/Src/stm32f1xx_it.c ****   }
  35              		.loc 1 11 3 discriminator 1 view .LVU2
   9:Core/Src/stm32f1xx_it.c ****   while (1)
  36              		.loc 1 9 9 discriminator 1 view .LVU3
  37 0000 FEE7     		b	.L2
  38              		.cfi_endproc
  39              	.LFE65:
  41              		.section	.text.HardFault_Handler,"ax",%progbits
  42              		.align	1
  43              		.global	HardFault_Handler
  44              		.syntax unified
  45              		.thumb
  46              		.thumb_func
  48              	HardFault_Handler:
ARM GAS  /tmp/ccP49xVA.s 			page 2


  49              	.LFB66:
  12:Core/Src/stm32f1xx_it.c **** }
  13:Core/Src/stm32f1xx_it.c **** 
  14:Core/Src/stm32f1xx_it.c **** /**
  15:Core/Src/stm32f1xx_it.c ****   * @brief This function handles Hard fault interrupt.
  16:Core/Src/stm32f1xx_it.c ****   */
  17:Core/Src/stm32f1xx_it.c **** void HardFault_Handler(void)
  18:Core/Src/stm32f1xx_it.c **** {
  50              		.loc 1 18 1 view -0
  51              		.cfi_startproc
  52              		@ Volatile: function does not return.
  53              		@ args = 0, pretend = 0, frame = 0
  54              		@ frame_needed = 0, uses_anonymous_args = 0
  55              		@ link register save eliminated.
  56              	.L4:
  19:Core/Src/stm32f1xx_it.c ****   while (1)
  57              		.loc 1 19 3 discriminator 1 view .LVU5
  20:Core/Src/stm32f1xx_it.c ****   {
  21:Core/Src/stm32f1xx_it.c ****   }
  58              		.loc 1 21 3 discriminator 1 view .LVU6
  19:Core/Src/stm32f1xx_it.c ****   while (1)
  59              		.loc 1 19 9 discriminator 1 view .LVU7
  60 0000 FEE7     		b	.L4
  61              		.cfi_endproc
  62              	.LFE66:
  64              		.section	.text.BusFault_Handler,"ax",%progbits
  65              		.align	1
  66              		.global	BusFault_Handler
  67              		.syntax unified
  68              		.thumb
  69              		.thumb_func
  71              	BusFault_Handler:
  72              	.LFB67:
  22:Core/Src/stm32f1xx_it.c **** }
  23:Core/Src/stm32f1xx_it.c **** 
  24:Core/Src/stm32f1xx_it.c **** /**
  25:Core/Src/stm32f1xx_it.c ****   * @brief This function handles Prefetch fault, memory access fault.
  26:Core/Src/stm32f1xx_it.c ****   */
  27:Core/Src/stm32f1xx_it.c **** void BusFault_Handler(void)
  28:Core/Src/stm32f1xx_it.c **** {
  73              		.loc 1 28 1 view -0
  74              		.cfi_startproc
  75              		@ Volatile: function does not return.
  76              		@ args = 0, pretend = 0, frame = 0
  77              		@ frame_needed = 0, uses_anonymous_args = 0
  78              		@ link register save eliminated.
  79              	.L6:
  29:Core/Src/stm32f1xx_it.c ****   while (1)
  80              		.loc 1 29 3 discriminator 1 view .LVU9
  30:Core/Src/stm32f1xx_it.c ****   {
  31:Core/Src/stm32f1xx_it.c ****   }
  81              		.loc 1 31 3 discriminator 1 view .LVU10
  29:Core/Src/stm32f1xx_it.c ****   while (1)
  82              		.loc 1 29 9 discriminator 1 view .LVU11
  83 0000 FEE7     		b	.L6
  84              		.cfi_endproc
  85              	.LFE67:
ARM GAS  /tmp/ccP49xVA.s 			page 3


  87              		.section	.text.UsageFault_Handler,"ax",%progbits
  88              		.align	1
  89              		.global	UsageFault_Handler
  90              		.syntax unified
  91              		.thumb
  92              		.thumb_func
  94              	UsageFault_Handler:
  95              	.LFB68:
  32:Core/Src/stm32f1xx_it.c **** }
  33:Core/Src/stm32f1xx_it.c **** 
  34:Core/Src/stm32f1xx_it.c **** /**
  35:Core/Src/stm32f1xx_it.c ****   * @brief This function handles Undefined instruction or illegal state.
  36:Core/Src/stm32f1xx_it.c ****   */
  37:Core/Src/stm32f1xx_it.c **** void UsageFault_Handler(void)
  38:Core/Src/stm32f1xx_it.c **** {
  96              		.loc 1 38 1 view -0
  97              		.cfi_startproc
  98              		@ Volatile: function does not return.
  99              		@ args = 0, pretend = 0, frame = 0
 100              		@ frame_needed = 0, uses_anonymous_args = 0
 101              		@ link register save eliminated.
 102              	.L8:
  39:Core/Src/stm32f1xx_it.c ****   while (1)
 103              		.loc 1 39 3 discriminator 1 view .LVU13
  40:Core/Src/stm32f1xx_it.c ****   {
  41:Core/Src/stm32f1xx_it.c ****   }
 104              		.loc 1 41 3 discriminator 1 view .LVU14
  39:Core/Src/stm32f1xx_it.c ****   while (1)
 105              		.loc 1 39 9 discriminator 1 view .LVU15
 106 0000 FEE7     		b	.L8
 107              		.cfi_endproc
 108              	.LFE68:
 110              		.section	.text.SVC_Handler,"ax",%progbits
 111              		.align	1
 112              		.global	SVC_Handler
 113              		.syntax unified
 114              		.thumb
 115              		.thumb_func
 117              	SVC_Handler:
 118              	.LFB69:
  42:Core/Src/stm32f1xx_it.c **** }
  43:Core/Src/stm32f1xx_it.c **** 
  44:Core/Src/stm32f1xx_it.c **** /**
  45:Core/Src/stm32f1xx_it.c ****   * @brief This function handles System service call via SWI instruction.
  46:Core/Src/stm32f1xx_it.c ****   */
  47:Core/Src/stm32f1xx_it.c **** void SVC_Handler(void)
  48:Core/Src/stm32f1xx_it.c **** {
 119              		.loc 1 48 1 view -0
 120              		.cfi_startproc
 121              		@ args = 0, pretend = 0, frame = 0
 122              		@ frame_needed = 0, uses_anonymous_args = 0
 123              		@ link register save eliminated.
  49:Core/Src/stm32f1xx_it.c **** }
 124              		.loc 1 49 1 view .LVU17
 125 0000 7047     		bx	lr
 126              		.cfi_endproc
 127              	.LFE69:
ARM GAS  /tmp/ccP49xVA.s 			page 4


 129              		.section	.text.DebugMon_Handler,"ax",%progbits
 130              		.align	1
 131              		.global	DebugMon_Handler
 132              		.syntax unified
 133              		.thumb
 134              		.thumb_func
 136              	DebugMon_Handler:
 137              	.LFB70:
  50:Core/Src/stm32f1xx_it.c **** 
  51:Core/Src/stm32f1xx_it.c **** /**
  52:Core/Src/stm32f1xx_it.c ****   * @brief This function handles Debug monitor.
  53:Core/Src/stm32f1xx_it.c ****   */
  54:Core/Src/stm32f1xx_it.c **** void DebugMon_Handler(void)
  55:Core/Src/stm32f1xx_it.c **** {
 138              		.loc 1 55 1 view -0
 139              		.cfi_startproc
 140              		@ args = 0, pretend = 0, frame = 0
 141              		@ frame_needed = 0, uses_anonymous_args = 0
 142              		@ link register save eliminated.
  56:Core/Src/stm32f1xx_it.c **** }
 143              		.loc 1 56 1 view .LVU19
 144 0000 7047     		bx	lr
 145              		.cfi_endproc
 146              	.LFE70:
 148              		.section	.text.PendSV_Handler,"ax",%progbits
 149              		.align	1
 150              		.global	PendSV_Handler
 151              		.syntax unified
 152              		.thumb
 153              		.thumb_func
 155              	PendSV_Handler:
 156              	.LFB71:
  57:Core/Src/stm32f1xx_it.c **** 
  58:Core/Src/stm32f1xx_it.c **** /**
  59:Core/Src/stm32f1xx_it.c ****   * @brief This function handles Pendable request for system service.
  60:Core/Src/stm32f1xx_it.c ****   */
  61:Core/Src/stm32f1xx_it.c **** void PendSV_Handler(void)
  62:Core/Src/stm32f1xx_it.c **** {
 157              		.loc 1 62 1 view -0
 158              		.cfi_startproc
 159              		@ args = 0, pretend = 0, frame = 0
 160              		@ frame_needed = 0, uses_anonymous_args = 0
 161              		@ link register save eliminated.
  63:Core/Src/stm32f1xx_it.c **** }
 162              		.loc 1 63 1 view .LVU21
 163 0000 7047     		bx	lr
 164              		.cfi_endproc
 165              	.LFE71:
 167              		.text
 168              	.Letext0:
ARM GAS  /tmp/ccP49xVA.s 			page 5


DEFINED SYMBOLS
                            *ABS*:0000000000000000 stm32f1xx_it.c
     /tmp/ccP49xVA.s:18     .text.NMI_Handler:0000000000000000 $t
     /tmp/ccP49xVA.s:24     .text.NMI_Handler:0000000000000000 NMI_Handler
     /tmp/ccP49xVA.s:42     .text.HardFault_Handler:0000000000000000 $t
     /tmp/ccP49xVA.s:48     .text.HardFault_Handler:0000000000000000 HardFault_Handler
     /tmp/ccP49xVA.s:65     .text.BusFault_Handler:0000000000000000 $t
     /tmp/ccP49xVA.s:71     .text.BusFault_Handler:0000000000000000 BusFault_Handler
     /tmp/ccP49xVA.s:88     .text.UsageFault_Handler:0000000000000000 $t
     /tmp/ccP49xVA.s:94     .text.UsageFault_Handler:0000000000000000 UsageFault_Handler
     /tmp/ccP49xVA.s:111    .text.SVC_Handler:0000000000000000 $t
     /tmp/ccP49xVA.s:117    .text.SVC_Handler:0000000000000000 SVC_Handler
     /tmp/ccP49xVA.s:130    .text.DebugMon_Handler:0000000000000000 $t
     /tmp/ccP49xVA.s:136    .text.DebugMon_Handler:0000000000000000 DebugMon_Handler
     /tmp/ccP49xVA.s:149    .text.PendSV_Handler:0000000000000000 $t
     /tmp/ccP49xVA.s:155    .text.PendSV_Handler:0000000000000000 PendSV_Handler

NO UNDEFINED SYMBOLS
