ARM GAS  C:\Users\Callum\AppData\Local\Temp\ccoRkUEe.s 			page 1


   1              		.cpu cortex-m3
   2              		.arch armv7-m
   3              		.fpu softvfp
   4              		.eabi_attribute 20, 1
   5              		.eabi_attribute 21, 1
   6              		.eabi_attribute 23, 3
   7              		.eabi_attribute 24, 1
   8              		.eabi_attribute 25, 1
   9              		.eabi_attribute 26, 1
  10              		.eabi_attribute 30, 1
  11              		.eabi_attribute 34, 1
  12              		.eabi_attribute 18, 4
  13              		.file	"util_fsm.c"
  14              		.text
  15              	.Ltext0:
  16              		.cfi_sections	.debug_frame
  17              		.file 1 "Core/Src/util_fsm.c"
  18              		.section	.text.init_trans,"ax",%progbits
  19              		.align	1
  20              		.global	init_trans
  21              		.syntax unified
  22              		.thumb
  23              		.thumb_func
  25              	init_trans:
  26              	.LVL0:
  27              	.LFB0:
   1:Core/Src/util_fsm.c **** #include "util_fsm.h"
   2:Core/Src/util_fsm.c **** 
   3:Core/Src/util_fsm.c **** int init_trans(trans_t *t, const int evt, void (*f_cur)(void), void (*f_new)(void)) {
  28              		.loc 1 3 85 view -0
  29              		.cfi_startproc
  30              		@ args = 0, pretend = 0, frame = 0
  31              		@ frame_needed = 0, uses_anonymous_args = 0
  32              		@ link register save eliminated.
   4:Core/Src/util_fsm.c ****     /* check */
   5:Core/Src/util_fsm.c ****     if ((NULL == t) || (NULL == f_cur) || (NULL == f_new)) {
  33              		.loc 1 5 5 view .LVU1
  34              		.loc 1 5 8 is_stmt 0 view .LVU2
  35 0000 30B1     		cbz	r0, .L3
  36              		.loc 1 5 21 discriminator 1 view .LVU3
  37 0002 3AB1     		cbz	r2, .L4
  38              		.loc 1 5 40 discriminator 2 view .LVU4
  39 0004 43B1     		cbz	r3, .L5
   6:Core/Src/util_fsm.c ****         return EXIT_FAILURE;
   7:Core/Src/util_fsm.c ****     }
   8:Core/Src/util_fsm.c **** 
   9:Core/Src/util_fsm.c ****     /* assign */
  10:Core/Src/util_fsm.c ****     t->evt = evt;
  40              		.loc 1 10 5 is_stmt 1 view .LVU5
  41              		.loc 1 10 12 is_stmt 0 view .LVU6
  42 0006 4160     		str	r1, [r0, #4]
  11:Core/Src/util_fsm.c ****     t->func_ptr_cur = f_cur;
  43              		.loc 1 11 5 is_stmt 1 view .LVU7
  44              		.loc 1 11 21 is_stmt 0 view .LVU8
  45 0008 0260     		str	r2, [r0]
  12:Core/Src/util_fsm.c ****     t->func_ptr_new = f_new;
  46              		.loc 1 12 5 is_stmt 1 view .LVU9
ARM GAS  C:\Users\Callum\AppData\Local\Temp\ccoRkUEe.s 			page 2


  47              		.loc 1 12 21 is_stmt 0 view .LVU10
  48 000a 8360     		str	r3, [r0, #8]
  13:Core/Src/util_fsm.c **** 
  14:Core/Src/util_fsm.c ****     /* send it */
  15:Core/Src/util_fsm.c ****     return EXIT_SUCCESS;
  49              		.loc 1 15 5 is_stmt 1 view .LVU11
  50              		.loc 1 15 12 is_stmt 0 view .LVU12
  51 000c 0020     		movs	r0, #0
  52              	.LVL1:
  53              		.loc 1 15 12 view .LVU13
  54 000e 7047     		bx	lr
  55              	.LVL2:
  56              	.L3:
   6:Core/Src/util_fsm.c ****     }
  57              		.loc 1 6 16 view .LVU14
  58 0010 0120     		movs	r0, #1
  59              	.LVL3:
   6:Core/Src/util_fsm.c ****     }
  60              		.loc 1 6 16 view .LVU15
  61 0012 7047     		bx	lr
  62              	.LVL4:
  63              	.L4:
   6:Core/Src/util_fsm.c ****     }
  64              		.loc 1 6 16 view .LVU16
  65 0014 0120     		movs	r0, #1
  66              	.LVL5:
   6:Core/Src/util_fsm.c ****     }
  67              		.loc 1 6 16 view .LVU17
  68 0016 7047     		bx	lr
  69              	.LVL6:
  70              	.L5:
   6:Core/Src/util_fsm.c ****     }
  71              		.loc 1 6 16 view .LVU18
  72 0018 0120     		movs	r0, #1
  73              	.LVL7:
  16:Core/Src/util_fsm.c **** }...
  74              		.loc 1 16 1 view .LVU19
  75 001a 7047     		bx	lr
  76              		.cfi_endproc
  77              	.LFE0:
  79              		.text
  80              	.Letext0:
  81              		.file 2 "Core/Inc/util_fsm.h"
ARM GAS  C:\Users\Callum\AppData\Local\Temp\ccoRkUEe.s 			page 3


DEFINED SYMBOLS
                            *ABS*:0000000000000000 util_fsm.c
C:\Users\Callum\AppData\Local\Temp\ccoRkUEe.s:19     .text.init_trans:0000000000000000 $t
C:\Users\Callum\AppData\Local\Temp\ccoRkUEe.s:25     .text.init_trans:0000000000000000 init_trans

NO UNDEFINED SYMBOLS
